surajkhanpinjar@Surajkhans-MacBook-Air ai-pdf-qa % grep -R "class PdfUploadedEvent" -n .
./build/reports/problems/problems-report.html:653:{"diagnostics":[{"locations":[{"path":"/Users/surajkhanpinjar/Java_Project/ai-pdf-qa/src/main/java/com/aidev/pdfqa/controller/PdfUploadController.java","line":31,"column":34,"length":40},{"taskPath":":compileJava"}],"problem":[{"text":"constructor PdfUploadedEvent in class com.aidev.pdfqa.kafka.dto.PdfUploadedEvent cannot be applied to given types;\n  required: no arguments\n  found:    java.lang.String,java.lang.String\n  reason: actual and formal argument lists differ in length"}],"severity":"ERROR","problemDetails":[{"text":"/Users/surajkhanpinjar/Java_Project/ai-pdf-qa/src/main/java/com/aidev/pdfqa/controller/PdfUploadController.java:31: error: constructor PdfUploadedEvent in class PdfUploadedEvent cannot be applied to given types;\n        PdfUploadedEvent event = new PdfUploadedEvent(fileName, savePath);\n                                 ^\n  required: no arguments\n  found:    String,String\n  reason: actual and formal argument lists differ in length"}],"contextualLabel":"constructor PdfUploadedEvent in class PdfUploadedEvent cannot be applied to given types;","error":{"parts":[{"text":"org.gradle.api.internal.tasks.compile.CompilationFailedException: Compilation failed; see the compiler output below.\nNote: /Users/surajkhanpinjar/Java_Project/ai-pdf-qa/src/main/java/com/aidev/pdfqa/controller/config/RAGTestController.java uses or overrides a deprecated API.\n/Users/surajkhanpinjar/Java_Project/ai-pdf-qa/src/main/java/com/aidev/pdfqa/controller/PdfUploadController.java:31: error: constructor PdfUploadedEvent in class PdfUploadedEvent cannot be applied to given types;\n        PdfUploadedEvent event = new PdfUploadedEvent(fileName, savePath);\n                                 ^\n  required: no arguments\n  found:    String,String\n  reason: actual and formal argument lists differ in length\nNote: Recompile with -Xlint:deprecation for details.\n/Users/surajkhanpinjar/Java_Project/ai-pdf-qa/src/main/java/com/aidev/pdfqa/kafka/consumer/PdfIngestionConsumer.java:30: error: cannot find symbol\n        System.out.println(\"ðŸ“¥ Kafka: Processing \" + event.getFileName());\n                                                          ^\n  symbol:   method getFileName()\n  location: variable event of type PdfUploadedEvent\n/Users/surajkhanpinjar/Java_Project/ai-pdf-qa/src/main/java/com/aidev/pdfqa/kafka/consumer/PdfIngestionConsumer.java:33: error: cannot find symbol\n        PDDocument doc = PDDocument.load(new File(event.getPath()));\n                                                       ^\n  symbol:   method getPath()\n  location: variable event of type PdfUploadedEvent\n/Users/surajkhanpinjar/Java_Project/ai-pdf-qa/src/main/java/com/aidev/pdfqa/kafka/consumer/PdfIngestionConsumer.java:56: error: cannot find symbol\n        System.out.println(\"âœ… Completed ingestion for: \" + event.getFileName());\n                                                                ^\n  symbol:   method getFileName()\n  location: variable event of type PdfUploadedEvent\n4 errors\n"},{"internalText":"\tat org.gradle.api.internal.tasks.compile.JdkJavaCompiler.execute(JdkJavaCompiler.java:89)\n\tat org.gradle.api.internal.tasks.compile.JdkJavaCompiler.execute(JdkJavaCompiler.java:50)\n\tat org.gradle.api.internal.tasks.compile.daemon.AbstractIsolatedCompilerWorkerExecutor$CompilerWorkAction.execute(AbstractIsolatedCompilerWorkerExecutor.java:78)\n\tat org.gradle.workers.internal.DefaultWorkerServer.execute(DefaultWorkerServer.java:63)\n\tat org.gradle.workers.internal.AbstractClassLoaderWorker$1.create(AbstractClassLoaderWorker.java:54)\n\tat org.gradle.workers.internal.AbstractClassLoaderWorker$1.create(AbstractClassLoaderWorker.java:48)\n\tat org.gradle.internal.classloader.ClassLoaderUtils.executeInClassloader(ClassLoaderUtils.java:100)\n\tat org.gradle.workers.internal.AbstractClassLoaderWorker.executeInClassLoader(AbstractClassLoaderWorker.java:48)\n\tat org.gradle.workers.internal.FlatClassLoaderWorker.run(FlatClassLoaderWorker.java:32)\n\tat org.gradle.workers.internal.FlatClassLoaderWorker.run(FlatClassLoaderWorker.java:22)\n\tat org.gradle.workers.internal.WorkerDaemonServer.run(WorkerDaemonServer.java:108)\n\tat org.gradle.workers.internal.WorkerDaemonServer.run(WorkerDaemonServer.java:77)\n\tat org.gradle.process.internal.worker.request.WorkerAction.lambda$run$1(WorkerAction.java:150)\n\tat org.gradle.process.internal.worker.child.WorkerLogEventListener.withWorkerLoggingProtocol(WorkerLogEventListener.java:41)\n\tat org.gradle.process.internal.worker.request.WorkerAction.lambda$run$2(WorkerAction.java:150)\n\tat org.gradle.internal.operations.CurrentBuildOperationRef.with(CurrentBuildOperationRef.java:85)\n\tat org.gradle.process.internal.worker.request.WorkerAction.run(WorkerAction.java:142)\n\tat jdk.internal.reflect.GeneratedMethodAccessor10.invoke(Unknown Source)\n\tat java.base/jdk.internal.reflect.DelegatingMethodAccessorImpl.invoke(DelegatingMethodAccessorImpl.java:43)\n\tat org.gradle.internal.dispatch.ReflectionDispatch.dispatch(ReflectionDispatch.java:36)\n\tat org.gradle.internal.dispatch.ReflectionDispatch.dispatch(ReflectionDispatch.java:24)\n\tat org.gradle.internal.remote.internal.hub.MessageHubBackedObjectConnection$DispatchWrapper.dispatch(MessageHubBackedObjectConnection.java:182)\n\tat org.gradle.internal.remote.internal.hub.MessageHubBackedObjectConnection$DispatchWrapper.dispatch(MessageHubBackedObjectConnection.java:164)\n\tat org.gradle.internal.remote.internal.hub.MessageHub$Handler.run(MessageHub.java:414)\n\tat org.gradle.internal.concurrent.ExecutorPolicy$CatchAndRecordFailures.onExecute(ExecutorPolicy.java:64)\n\tat org.gradle.internal.concurrent.AbstractManagedExecutor$1.run(AbstractManagedExecutor.java:48)\n"}]},"problemId":[{"name":"java","displayName":"Java compilation"},{"name":"compilation","displayName":"Compilation"},{"name":"compiler.err.cant.apply.symbol","displayName":"constructor PdfUploadedEvent in class com.aidev.pdfqa.kafka.dto.PdfUploadedEvent cannot be applied to given types;\n  required: no arguments\n  found:    java.lang.String,java.lang.String\n  reason: actual and formal argument lists differ in length"}],"solutions":[[{"text":"Check your code and dependencies to fix the compilation error(s)"}]]},{"locations":[{"path":"/Users/surajkhanpinjar/Java_Project/ai-pdf-qa/src/main/java/com/aidev/pdfqa/kafka/consumer/PdfIngestionConsumer.java","line":30,"column":59,"length":12},{"taskPath":":compileJava"}],"problem":[{"text":"cannot find symbol\n  symbol:   method getFileName()\n  location: variable event of type com.aidev.pdfqa.kafka.dto.PdfUploadedEvent"}],"severity":"ERROR","problemDetails":[{"text":"/Users/surajkhanpinjar/Java_Project/ai-pdf-qa/src/main/java/com/aidev/pdfqa/kafka/consumer/PdfIngestionConsumer.java:30: error: cannot find symbol\n        System.out.println(\"ðŸ“¥ Kafka: Processing \" + event.getFileName());\n                                                          ^\n  symbol:   method getFileName()\n  location: variable event of type PdfUploadedEvent"}],"contextualLabel":"cannot find symbol","error":{"parts":[{"text":"org.gradle.api.internal.tasks.compile.CompilationFailedException: Compilation failed; see the compiler output below.\nNote: /Users/surajkhanpinjar/Java_Project/ai-pdf-qa/src/main/java/com/aidev/pdfqa/controller/config/RAGTestController.java uses or overrides a deprecated API.\n/Users/surajkhanpinjar/Java_Project/ai-pdf-qa/src/main/java/com/aidev/pdfqa/controller/PdfUploadController.java:31: error: constructor PdfUploadedEvent in class PdfUploadedEvent cannot be applied to given types;\n        PdfUploadedEvent event = new PdfUploadedEvent(fileName, savePath);\n                                 ^\n  required: no arguments\n  found:    String,String\n  reason: actual and formal argument lists differ in length\nNote: Recompile with -Xlint:deprecation for details.\n/Users/surajkhanpinjar/Java_Project/ai-pdf-qa/src/main/java/com/aidev/pdfqa/kafka/consumer/PdfIngestionConsumer.java:30: error: cannot find symbol\n        System.out.println(\"ðŸ“¥ Kafka: Processing \" + event.getFileName());\n                                                          ^\n  symbol:   method getFileName()\n  location: variable event of type PdfUploadedEvent\n/Users/surajkhanpinjar/Java_Project/ai-pdf-qa/src/main/java/com/aidev/pdfqa/kafka/consumer/PdfIngestionConsumer.java:33: error: cannot find symbol\n        PDDocument doc = PDDocument.load(new File(event.getPath()));\n                                                       ^\n  symbol:   method getPath()\n  location: variable event of type PdfUploadedEvent\n/Users/surajkhanpinjar/Java_Project/ai-pdf-qa/src/main/java/com/aidev/pdfqa/kafka/consumer/PdfIngestionConsumer.java:56: error: cannot find symbol\n        System.out.println(\"âœ… Completed ingestion for: \" + event.getFileName());\n                                                                ^\n  symbol:   method getFileName()\n  location: variable event of type PdfUploadedEvent\n4 errors\n"},{"internalText":"\tat org.gradle.api.internal.tasks.compile.JdkJavaCompiler.execute(JdkJavaCompiler.java:89)\n\tat org.gradle.api.internal.tasks.compile.JdkJavaCompiler.execute(JdkJavaCompiler.java:50)\n\tat org.gradle.api.internal.tasks.compile.daemon.AbstractIsolatedCompilerWorkerExecutor$CompilerWorkAction.execute(AbstractIsolatedCompilerWorkerExecutor.java:78)\n\tat org.gradle.workers.internal.DefaultWorkerServer.execute(DefaultWorkerServer.java:63)\n\tat org.gradle.workers.internal.AbstractClassLoaderWorker$1.create(AbstractClassLoaderWorker.java:54)\n\tat org.gradle.workers.internal.AbstractClassLoaderWorker$1.create(AbstractClassLoaderWorker.java:48)\n\tat org.gradle.internal.classloader.ClassLoaderUtils.executeInClassloader(ClassLoaderUtils.java:100)\n\tat org.gradle.workers.internal.AbstractClassLoaderWorker.executeInClassLoader(AbstractClassLoaderWorker.java:48)\n\tat org.gradle.workers.internal.FlatClassLoaderWorker.run(FlatClassLoaderWorker.java:32)\n\tat org.gradle.workers.internal.FlatClassLoaderWorker.run(FlatClassLoaderWorker.java:22)\n\tat org.gradle.workers.internal.WorkerDaemonServer.run(WorkerDaemonServer.java:108)\n\tat org.gradle.workers.internal.WorkerDaemonServer.run(WorkerDaemonServer.java:77)\n\tat org.gradle.process.internal.worker.request.WorkerAction.lambda$run$1(WorkerAction.java:150)\n\tat org.gradle.process.internal.worker.child.WorkerLogEventListener.withWorkerLoggingProtocol(WorkerLogEventListener.java:41)\n\tat org.gradle.process.internal.worker.request.WorkerAction.lambda$run$2(WorkerAction.java:150)\n\tat org.gradle.internal.operations.CurrentBuildOperationRef.with(CurrentBuildOperationRef.java:85)\n\tat org.gradle.process.internal.worker.request.WorkerAction.run(WorkerAction.java:142)\n\tat jdk.internal.reflect.GeneratedMethodAccessor10.invoke(Unknown Source)\n\tat java.base/jdk.internal.reflect.DelegatingMethodAccessorImpl.invoke(DelegatingMethodAccessorImpl.java:43)\n\tat org.gradle.internal.dispatch.ReflectionDispatch.dispatch(ReflectionDispatch.java:36)\n\tat org.gradle.internal.dispatch.ReflectionDispatch.dispatch(ReflectionDispatch.java:24)\n\tat org.gradle.internal.remote.internal.hub.MessageHubBackedObjectConnection$DispatchWrapper.dispatch(MessageHubBackedObjectConnection.java:182)\n\tat org.gradle.internal.remote.internal.hub.MessageHubBackedObjectConnection$DispatchWrapper.dispatch(MessageHubBackedObjectConnection.java:164)\n\tat org.gradle.internal.remote.internal.hub.MessageHub$Handler.run(MessageHub.java:414)\n\tat org.gradle.internal.concurrent.ExecutorPolicy$CatchAndRecordFailures.onExecute(ExecutorPolicy.java:64)\n\tat org.gradle.internal.concurrent.AbstractManagedExecutor$1.run(AbstractManagedExecutor.java:48)\n"}]},"problemId":[{"name":"java","displayName":"Java compilation"},{"name":"compilation","displayName":"Compilation"},{"name":"compiler.err.cant.resolve.location.args","displayName":"cannot find symbol\n  symbol:   method getFileName()\n  location: variable event of type com.aidev.pdfqa.kafka.dto.PdfUploadedEvent"}],"solutions":[[{"text":"Check your code and dependencies to fix the compilation error(s)"}]]},{"locations":[{"path":"/Users/surajkhanpinjar/Java_Project/ai-pdf-qa/src/main/java/com/aidev/pdfqa/kafka/consumer/PdfIngestionConsumer.java","line":33,"column":56,"length":8},{"taskPath":":compileJava"}],"problem":[{"text":"cannot find symbol\n  symbol:   method getPath()\n  location: variable event of type com.aidev.pdfqa.kafka.dto.PdfUploadedEvent"}],"severity":"ERROR","problemDetails":[{"text":"/Users/surajkhanpinjar/Java_Project/ai-pdf-qa/src/main/java/com/aidev/pdfqa/kafka/consumer/PdfIngestionConsumer.java:33: error: cannot find symbol\n        PDDocument doc = PDDocument.load(new File(event.getPath()));\n                                                       ^\n  symbol:   method getPath()\n  location: variable event of type PdfUploadedEvent"}],"contextualLabel":"cannot find symbol","error":{"parts":[{"text":"org.gradle.api.internal.tasks.compile.CompilationFailedException: Compilation failed; see the compiler output below.\nNote: /Users/surajkhanpinjar/Java_Project/ai-pdf-qa/src/main/java/com/aidev/pdfqa/controller/config/RAGTestController.java uses or overrides a deprecated API.\n/Users/surajkhanpinjar/Java_Project/ai-pdf-qa/src/main/java/com/aidev/pdfqa/controller/PdfUploadController.java:31: error: constructor PdfUploadedEvent in class PdfUploadedEvent cannot be applied to given types;\n        PdfUploadedEvent event = new PdfUploadedEvent(fileName, savePath);\n                                 ^\n  required: no arguments\n  found:    String,String\n  reason: actual and formal argument lists differ in length\nNote: Recompile with -Xlint:deprecation for details.\n/Users/surajkhanpinjar/Java_Project/ai-pdf-qa/src/main/java/com/aidev/pdfqa/kafka/consumer/PdfIngestionConsumer.java:30: error: cannot find symbol\n        System.out.println(\"ðŸ“¥ Kafka: Processing \" + event.getFileName());\n                                                          ^\n  symbol:   method getFileName()\n  location: variable event of type PdfUploadedEvent\n/Users/surajkhanpinjar/Java_Project/ai-pdf-qa/src/main/java/com/aidev/pdfqa/kafka/consumer/PdfIngestionConsumer.java:33: error: cannot find symbol\n        PDDocument doc = PDDocument.load(new File(event.getPath()));\n                                                       ^\n  symbol:   method getPath()\n  location: variable event of type PdfUploadedEvent\n/Users/surajkhanpinjar/Java_Project/ai-pdf-qa/src/main/java/com/aidev/pdfqa/kafka/consumer/PdfIngestionConsumer.java:56: error: cannot find symbol\n        System.out.println(\"âœ… Completed ingestion for: \" + event.getFileName());\n                                                                ^\n  symbol:   method getFileName()\n  location: variable event of type PdfUploadedEvent\n4 errors\n"},{"internalText":"\tat org.gradle.api.internal.tasks.compile.JdkJavaCompiler.execute(JdkJavaCompiler.java:89)\n\tat org.gradle.api.internal.tasks.compile.JdkJavaCompiler.execute(JdkJavaCompiler.java:50)\n\tat org.gradle.api.internal.tasks.compile.daemon.AbstractIsolatedCompilerWorkerExecutor$CompilerWorkAction.execute(AbstractIsolatedCompilerWorkerExecutor.java:78)\n\tat org.gradle.workers.internal.DefaultWorkerServer.execute(DefaultWorkerServer.java:63)\n\tat org.gradle.workers.internal.AbstractClassLoaderWorker$1.create(AbstractClassLoaderWorker.java:54)\n\tat org.gradle.workers.internal.AbstractClassLoaderWorker$1.create(AbstractClassLoaderWorker.java:48)\n\tat org.gradle.internal.classloader.ClassLoaderUtils.executeInClassloader(ClassLoaderUtils.java:100)\n\tat org.gradle.workers.internal.AbstractClassLoaderWorker.executeInClassLoader(AbstractClassLoaderWorker.java:48)\n\tat org.gradle.workers.internal.FlatClassLoaderWorker.run(FlatClassLoaderWorker.java:32)\n\tat org.gradle.workers.internal.FlatClassLoaderWorker.run(FlatClassLoaderWorker.java:22)\n\tat org.gradle.workers.internal.WorkerDaemonServer.run(WorkerDaemonServer.java:108)\n\tat org.gradle.workers.internal.WorkerDaemonServer.run(WorkerDaemonServer.java:77)\n\tat org.gradle.process.internal.worker.request.WorkerAction.lambda$run$1(WorkerAction.java:150)\n\tat org.gradle.process.internal.worker.child.WorkerLogEventListener.withWorkerLoggingProtocol(WorkerLogEventListener.java:41)\n\tat org.gradle.process.internal.worker.request.WorkerAction.lambda$run$2(WorkerAction.java:150)\n\tat org.gradle.internal.operations.CurrentBuildOperationRef.with(CurrentBuildOperationRef.java:85)\n\tat org.gradle.process.internal.worker.request.WorkerAction.run(WorkerAction.java:142)\n\tat jdk.internal.reflect.GeneratedMethodAccessor10.invoke(Unknown Source)\n\tat java.base/jdk.internal.reflect.DelegatingMethodAccessorImpl.invoke(DelegatingMethodAccessorImpl.java:43)\n\tat org.gradle.internal.dispatch.ReflectionDispatch.dispatch(ReflectionDispatch.java:36)\n\tat org.gradle.internal.dispatch.ReflectionDispatch.dispatch(ReflectionDispatch.java:24)\n\tat org.gradle.internal.remote.internal.hub.MessageHubBackedObjectConnection$DispatchWrapper.dispatch(MessageHubBackedObjectConnection.java:182)\n\tat org.gradle.internal.remote.internal.hub.MessageHubBackedObjectConnection$DispatchWrapper.dispatch(MessageHubBackedObjectConnection.java:164)\n\tat org.gradle.internal.remote.internal.hub.MessageHub$Handler.run(MessageHub.java:414)\n\tat org.gradle.internal.concurrent.ExecutorPolicy$CatchAndRecordFailures.onExecute(ExecutorPolicy.java:64)\n\tat org.gradle.internal.concurrent.AbstractManagedExecutor$1.run(AbstractManagedExecutor.java:48)\n"}]},"problemId":[{"name":"java","displayName":"Java compilation"},{"name":"compilation","displayName":"Compilation"},{"name":"compiler.err.cant.resolve.location.args","displayName":"cannot find symbol\n  symbol:   method getPath()\n  location: variable event of type com.aidev.pdfqa.kafka.dto.PdfUploadedEvent"}],"solutions":[[{"text":"Check your code and dependencies to fix the compilation error(s)"}]]},{"locations":[{"path":"/Users/surajkhanpinjar/Java_Project/ai-pdf-qa/src/main/java/com/aidev/pdfqa/kafka/consumer/PdfIngestionConsumer.java","line":56,"column":65,"length":12},{"taskPath":":compileJava"}],"problem":[{"text":"cannot find symbol\n  symbol:   method getFileName()\n  location: variable event of type com.aidev.pdfqa.kafka.dto.PdfUploadedEvent"}],"severity":"ERROR","problemDetails":[{"text":"/Users/surajkhanpinjar/Java_Project/ai-pdf-qa/src/main/java/com/aidev/pdfqa/kafka/consumer/PdfIngestionConsumer.java:56: error: cannot find symbol\n        System.out.println(\"âœ… Completed ingestion for: \" + event.getFileName());\n                                                                ^\n  symbol:   method getFileName()\n  location: variable event of type PdfUploadedEvent"}],"contextualLabel":"cannot find symbol","error":{"parts":[{"text":"org.gradle.api.internal.tasks.compile.CompilationFailedException: Compilation failed; see the compiler output below.\nNote: /Users/surajkhanpinjar/Java_Project/ai-pdf-qa/src/main/java/com/aidev/pdfqa/controller/config/RAGTestController.java uses or overrides a deprecated API.\n/Users/surajkhanpinjar/Java_Project/ai-pdf-qa/src/main/java/com/aidev/pdfqa/controller/PdfUploadController.java:31: error: constructor PdfUploadedEvent in class PdfUploadedEvent cannot be applied to given types;\n        PdfUploadedEvent event = new PdfUploadedEvent(fileName, savePath);\n                                 ^\n  required: no arguments\n  found:    String,String\n  reason: actual and formal argument lists differ in length\nNote: Recompile with -Xlint:deprecation for details.\n/Users/surajkhanpinjar/Java_Project/ai-pdf-qa/src/main/java/com/aidev/pdfqa/kafka/consumer/PdfIngestionConsumer.java:30: error: cannot find symbol\n        System.out.println(\"ðŸ“¥ Kafka: Processing \" + event.getFileName());\n                                                          ^\n  symbol:   method getFileName()\n  location: variable event of type PdfUploadedEvent\n/Users/surajkhanpinjar/Java_Project/ai-pdf-qa/src/main/java/com/aidev/pdfqa/kafka/consumer/PdfIngestionConsumer.java:33: error: cannot find symbol\n        PDDocument doc = PDDocument.load(new File(event.getPath()));\n                                                       ^\n  symbol:   method getPath()\n  location: variable event of type PdfUploadedEvent\n/Users/surajkhanpinjar/Java_Project/ai-pdf-qa/src/main/java/com/aidev/pdfqa/kafka/consumer/PdfIngestionConsumer.java:56: error: cannot find symbol\n        System.out.println(\"âœ… Completed ingestion for: \" + event.getFileName());\n                                                                ^\n  symbol:   method getFileName()\n  location: variable event of type PdfUploadedEvent\n4 errors\n"},{"internalText":"\tat org.gradle.api.internal.tasks.compile.JdkJavaCompiler.execute(JdkJavaCompiler.java:89)\n\tat org.gradle.api.internal.tasks.compile.JdkJavaCompiler.execute(JdkJavaCompiler.java:50)\n\tat org.gradle.api.internal.tasks.compile.daemon.AbstractIsolatedCompilerWorkerExecutor$CompilerWorkAction.execute(AbstractIsolatedCompilerWorkerExecutor.java:78)\n\tat org.gradle.workers.internal.DefaultWorkerServer.execute(DefaultWorkerServer.java:63)\n\tat org.gradle.workers.internal.AbstractClassLoaderWorker$1.create(AbstractClassLoaderWorker.java:54)\n\tat org.gradle.workers.internal.AbstractClassLoaderWorker$1.create(AbstractClassLoaderWorker.java:48)\n\tat org.gradle.internal.classloader.ClassLoaderUtils.executeInClassloader(ClassLoaderUtils.java:100)\n\tat org.gradle.workers.internal.AbstractClassLoaderWorker.executeInClassLoader(AbstractClassLoaderWorker.java:48)\n\tat org.gradle.workers.internal.FlatClassLoaderWorker.run(FlatClassLoaderWorker.java:32)\n\tat org.gradle.workers.internal.FlatClassLoaderWorker.run(FlatClassLoaderWorker.java:22)\n\tat org.gradle.workers.internal.WorkerDaemonServer.run(WorkerDaemonServer.java:108)\n\tat org.gradle.workers.internal.WorkerDaemonServer.run(WorkerDaemonServer.java:77)\n\tat org.gradle.process.internal.worker.request.WorkerAction.lambda$run$1(WorkerAction.java:150)\n\tat org.gradle.process.internal.worker.child.WorkerLogEventListener.withWorkerLoggingProtocol(WorkerLogEventListener.java:41)\n\tat org.gradle.process.internal.worker.request.WorkerAction.lambda$run$2(WorkerAction.java:150)\n\tat org.gradle.internal.operations.CurrentBuildOperationRef.with(CurrentBuildOperationRef.java:85)\n\tat org.gradle.process.internal.worker.request.WorkerAction.run(WorkerAction.java:142)\n\tat jdk.internal.reflect.GeneratedMethodAccessor10.invoke(Unknown Source)\n\tat java.base/jdk.internal.reflect.DelegatingMethodAccessorImpl.invoke(DelegatingMethodAccessorImpl.java:43)\n\tat org.gradle.internal.dispatch.ReflectionDispatch.dispatch(ReflectionDispatch.java:36)\n\tat org.gradle.internal.dispatch.ReflectionDispatch.dispatch(ReflectionDispatch.java:24)\n\tat org.gradle.internal.remote.internal.hub.MessageHubBackedObjectConnection$DispatchWrapper.dispatch(MessageHubBackedObjectConnection.java:182)\n\tat org.gradle.internal.remote.internal.hub.MessageHubBackedObjectConnection$DispatchWrapper.dispatch(MessageHubBackedObjectConnection.java:164)\n\tat org.gradle.internal.remote.internal.hub.MessageHub$Handler.run(MessageHub.java:414)\n\tat org.gradle.internal.concurrent.ExecutorPolicy$CatchAndRecordFailures.onExecute(ExecutorPolicy.java:64)\n\tat org.gradle.internal.concurrent.AbstractManagedExecutor$1.run(AbstractManagedExecutor.java:48)\n"}]},"problemId":[{"name":"java","displayName":"Java compilation"},{"name":"compilation","displayName":"Compilation"},{"name":"compiler.err.cant.resolve.location.args","displayName":"cannot find symbol\n  symbol:   method getFileName()\n  location: variable event of type com.aidev.pdfqa.kafka.dto.PdfUploadedEvent"}],"solutions":[[{"text":"Check your code and dependencies to fix the compilation error(s)"}]]},{"locations":[{"path":"/Users/surajkhanpinjar/Java_Project/ai-pdf-qa/src/main/java/com/aidev/pdfqa/controller/config/RAGTestController.java"},{"taskPath":":compileJava"}],"problem":[{"text":"/Users/surajkhanpinjar/Java_Project/ai-pdf-qa/src/main/java/com/aidev/pdfqa/controller/config/RAGTestController.java uses or overrides a deprecated API."}],"severity":"ADVICE","problemDetails":[{"text":"Note: /Users/surajkhanpinjar/Java_Project/ai-pdf-qa/src/main/java/com/aidev/pdfqa/controller/config/RAGTestController.java uses or overrides a deprecated API."}],"contextualLabel":"/Users/surajkhanpinjar/Java_Project/ai-pdf-qa/src/main/java/com/aidev/pdfqa/controller/config/RAGTestController.java uses or overrides a deprecated API.","error":{"parts":[{"text":"org.gradle.api.internal.tasks.compile.CompilationFailedException: Compilation failed; see the compiler output below.\nNote: /Users/surajkhanpinjar/Java_Project/ai-pdf-qa/src/main/java/com/aidev/pdfqa/controller/config/RAGTestController.java uses or overrides a deprecated API.\n/Users/surajkhanpinjar/Java_Project/ai-pdf-qa/src/main/java/com/aidev/pdfqa/controller/PdfUploadController.java:31: error: constructor PdfUploadedEvent in class PdfUploadedEvent cannot be applied to given types;\n        PdfUploadedEvent event = new PdfUploadedEvent(fileName, savePath);\n                                 ^\n  required: no arguments\n  found:    String,String\n  reason: actual and formal argument lists differ in length\nNote: Recompile with -Xlint:deprecation for details.\n/Users/surajkhanpinjar/Java_Project/ai-pdf-qa/src/main/java/com/aidev/pdfqa/kafka/consumer/PdfIngestionConsumer.java:30: error: cannot find symbol\n        System.out.println(\"ðŸ“¥ Kafka: Processing \" + event.getFileName());\n                                                          ^\n  symbol:   method getFileName()\n  location: variable event of type PdfUploadedEvent\n/Users/surajkhanpinjar/Java_Project/ai-pdf-qa/src/main/java/com/aidev/pdfqa/kafka/consumer/PdfIngestionConsumer.java:33: error: cannot find symbol\n        PDDocument doc = PDDocument.load(new File(event.getPath()));\n                                                       ^\n  symbol:   method getPath()\n  location: variable event of type PdfUploadedEvent\n/Users/surajkhanpinjar/Java_Project/ai-pdf-qa/src/main/java/com/aidev/pdfqa/kafka/consumer/PdfIngestionConsumer.java:56: error: cannot find symbol\n        System.out.println(\"âœ… Completed ingestion for: \" + event.getFileName());\n                                                                ^\n  symbol:   method getFileName()\n  location: variable event of type PdfUploadedEvent\n4 errors\n"},{"internalText":"\tat org.gradle.api.internal.tasks.compile.JdkJavaCompiler.execute(JdkJavaCompiler.java:89)\n\tat org.gradle.api.internal.tasks.compile.JdkJavaCompiler.execute(JdkJavaCompiler.java:50)\n\tat org.gradle.api.internal.tasks.compile.daemon.AbstractIsolatedCompilerWorkerExecutor$CompilerWorkAction.execute(AbstractIsolatedCompilerWorkerExecutor.java:78)\n\tat org.gradle.workers.internal.DefaultWorkerServer.execute(DefaultWorkerServer.java:63)\n\tat org.gradle.workers.internal.AbstractClassLoaderWorker$1.create(AbstractClassLoaderWorker.java:54)\n\tat org.gradle.workers.internal.AbstractClassLoaderWorker$1.create(AbstractClassLoaderWorker.java:48)\n\tat org.gradle.internal.classloader.ClassLoaderUtils.executeInClassloader(ClassLoaderUtils.java:100)\n\tat org.gradle.workers.internal.AbstractClassLoaderWorker.executeInClassLoader(AbstractClassLoaderWorker.java:48)\n\tat org.gradle.workers.internal.FlatClassLoaderWorker.run(FlatClassLoaderWorker.java:32)\n\tat org.gradle.workers.internal.FlatClassLoaderWorker.run(FlatClassLoaderWorker.java:22)\n\tat org.gradle.workers.internal.WorkerDaemonServer.run(WorkerDaemonServer.java:108)\n\tat org.gradle.workers.internal.WorkerDaemonServer.run(WorkerDaemonServer.java:77)\n\tat org.gradle.process.internal.worker.request.WorkerAction.lambda$run$1(WorkerAction.java:150)\n\tat org.gradle.process.internal.worker.child.WorkerLogEventListener.withWorkerLoggingProtocol(WorkerLogEventListener.java:41)\n\tat org.gradle.process.internal.worker.request.WorkerAction.lambda$run$2(WorkerAction.java:150)\n\tat org.gradle.internal.operations.CurrentBuildOperationRef.with(CurrentBuildOperationRef.java:85)\n\tat org.gradle.process.internal.worker.request.WorkerAction.run(WorkerAction.java:142)\n\tat jdk.internal.reflect.GeneratedMethodAccessor10.invoke(Unknown Source)\n\tat java.base/jdk.internal.reflect.DelegatingMethodAccessorImpl.invoke(DelegatingMethodAccessorImpl.java:43)\n\tat org.gradle.internal.dispatch.ReflectionDispatch.dispatch(ReflectionDispatch.java:36)\n\tat org.gradle.internal.dispatch.ReflectionDispatch.dispatch(ReflectionDispatch.java:24)\n\tat org.gradle.internal.remote.internal.hub.MessageHubBackedObjectConnection$DispatchWrapper.dispatch(MessageHubBackedObjectConnection.java:182)\n\tat org.gradle.internal.remote.internal.hub.MessageHubBackedObjectConnection$DispatchWrapper.dispatch(MessageHubBackedObjectConnection.java:164)\n\tat org.gradle.internal.remote.internal.hub.MessageHub$Handler.run(MessageHub.java:414)\n\tat org.gradle.internal.concurrent.ExecutorPolicy$CatchAndRecordFailures.onExecute(ExecutorPolicy.java:64)\n\tat org.gradle.internal.concurrent.AbstractManagedExecutor$1.run(AbstractManagedExecutor.java:48)\n"}]},"problemId":[{"name":"java","displayName":"Java compilation"},{"name":"compilation","displayName":"Compilation"},{"name":"compiler.note.deprecated.filename","displayName":"/Users/surajkhanpinjar/Java_Project/ai-pdf-qa/src/main/java/com/aidev/pdfqa/controller/config/RAGTestController.java uses or overrides a deprecated API."}]},{"locations":[{"path":"/Users/surajkhanpinjar/Java_Project/ai-pdf-qa/src/main/java/com/aidev/pdfqa/controller/config/RAGTestController.java"},{"taskPath":":compileJava"}],"problem":[{"text":"Recompile with -Xlint:deprecation for details."}],"severity":"ADVICE","problemDetails":[{"text":"Note: Recompile with -Xlint:deprecation for details."}],"contextualLabel":"Recompile with -Xlint:deprecation for details.","error":{"parts":[{"text":"org.gradle.api.internal.tasks.compile.CompilationFailedException: Compilation failed; see the compiler output below.\nNote: /Users/surajkhanpinjar/Java_Project/ai-pdf-qa/src/main/java/com/aidev/pdfqa/controller/config/RAGTestController.java uses or overrides a deprecated API.\n/Users/surajkhanpinjar/Java_Project/ai-pdf-qa/src/main/java/com/aidev/pdfqa/controller/PdfUploadController.java:31: error: constructor PdfUploadedEvent in class PdfUploadedEvent cannot be applied to given types;\n        PdfUploadedEvent event = new PdfUploadedEvent(fileName, savePath);\n                                 ^\n  required: no arguments\n  found:    String,String\n  reason: actual and formal argument lists differ in length\nNote: Recompile with -Xlint:deprecation for details.\n/Users/surajkhanpinjar/Java_Project/ai-pdf-qa/src/main/java/com/aidev/pdfqa/kafka/consumer/PdfIngestionConsumer.java:30: error: cannot find symbol\n        System.out.println(\"ðŸ“¥ Kafka: Processing \" + event.getFileName());\n                                                          ^\n  symbol:   method getFileName()\n  location: variable event of type PdfUploadedEvent\n/Users/surajkhanpinjar/Java_Project/ai-pdf-qa/src/main/java/com/aidev/pdfqa/kafka/consumer/PdfIngestionConsumer.java:33: error: cannot find symbol\n        PDDocument doc = PDDocument.load(new File(event.getPath()));\n                                                       ^\n  symbol:   method getPath()\n  location: variable event of type PdfUploadedEvent\n/Users/surajkhanpinjar/Java_Project/ai-pdf-qa/src/main/java/com/aidev/pdfqa/kafka/consumer/PdfIngestionConsumer.java:56: error: cannot find symbol\n        System.out.println(\"âœ… Completed ingestion for: \" + event.getFileName());\n                                                                ^\n  symbol:   method getFileName()\n  location: variable event of type PdfUploadedEvent\n4 errors\n"},{"internalText":"\tat org.gradle.api.internal.tasks.compile.JdkJavaCompiler.execute(JdkJavaCompiler.java:89)\n\tat org.gradle.api.internal.tasks.compile.JdkJavaCompiler.execute(JdkJavaCompiler.java:50)\n\tat org.gradle.api.internal.tasks.compile.daemon.AbstractIsolatedCompilerWorkerExecutor$CompilerWorkAction.execute(AbstractIsolatedCompilerWorkerExecutor.java:78)\n\tat org.gradle.workers.internal.DefaultWorkerServer.execute(DefaultWorkerServer.java:63)\n\tat org.gradle.workers.internal.AbstractClassLoaderWorker$1.create(AbstractClassLoaderWorker.java:54)\n\tat org.gradle.workers.internal.AbstractClassLoaderWorker$1.create(AbstractClassLoaderWorker.java:48)\n\tat org.gradle.internal.classloader.ClassLoaderUtils.executeInClassloader(ClassLoaderUtils.java:100)\n\tat org.gradle.workers.internal.AbstractClassLoaderWorker.executeInClassLoader(AbstractClassLoaderWorker.java:48)\n\tat org.gradle.workers.internal.FlatClassLoaderWorker.run(FlatClassLoaderWorker.java:32)\n\tat org.gradle.workers.internal.FlatClassLoaderWorker.run(FlatClassLoaderWorker.java:22)\n\tat org.gradle.workers.internal.WorkerDaemonServer.run(WorkerDaemonServer.java:108)\n\tat org.gradle.workers.internal.WorkerDaemonServer.run(WorkerDaemonServer.java:77)\n\tat org.gradle.process.internal.worker.request.WorkerAction.lambda$run$1(WorkerAction.java:150)\n\tat org.gradle.process.internal.worker.child.WorkerLogEventListener.withWorkerLoggingProtocol(WorkerLogEventListener.java:41)\n\tat org.gradle.process.internal.worker.request.WorkerAction.lambda$run$2(WorkerAction.java:150)\n\tat org.gradle.internal.operations.CurrentBuildOperationRef.with(CurrentBuildOperationRef.java:85)\n\tat org.gradle.process.internal.worker.request.WorkerAction.run(WorkerAction.java:142)\n\tat jdk.internal.reflect.GeneratedMethodAccessor10.invoke(Unknown Source)\n\tat java.base/jdk.internal.reflect.DelegatingMethodAccessorImpl.invoke(DelegatingMethodAccessorImpl.java:43)\n\tat org.gradle.internal.dispatch.ReflectionDispatch.dispatch(ReflectionDispatch.java:36)\n\tat org.gradle.internal.dispatch.ReflectionDispatch.dispatch(ReflectionDispatch.java:24)\n\tat org.gradle.internal.remote.internal.hub.MessageHubBackedObjectConnection$DispatchWrapper.dispatch(MessageHubBackedObjectConnection.java:182)\n\tat org.gradle.internal.remote.internal.hub.MessageHubBackedObjectConnection$DispatchWrapper.dispatch(MessageHubBackedObjectConnection.java:164)\n\tat org.gradle.internal.remote.internal.hub.MessageHub$Handler.run(MessageHub.java:414)\n\tat org.gradle.internal.concurrent.ExecutorPolicy$CatchAndRecordFailures.onExecute(ExecutorPolicy.java:64)\n\tat org.gradle.internal.concurrent.AbstractManagedExecutor$1.run(AbstractManagedExecutor.java:48)\n"}]},"problemId":[{"name":"java","displayName":"Java compilation"},{"name":"compilation","displayName":"Compilation"},{"name":"compiler.note.deprecated.recompile","displayName":"Recompile with -Xlint:deprecation for details."}]}],"problemsReport":{"totalProblemCount":6,"buildName":"ai-pdf-qa","requestedTasks":"clean build","documentationLink":"https://docs.gradle.org/8.14.3/userguide/reporting_problems.html","documentationLinkCaption":"Problem report","summaries":[]}}
./src/main/java/com/aidev/pdfqa/kafka/dto/PdfUploadedEvent.java:10:public class PdfUploadedEvent {
surajkhanpinjar@Surajkhans-MacBook-Air ai-pdf-qa %